#
# A fatal error has been detected by the Java Runtime Environment:
#
#  Internal Error (javaClasses.cpp:136), pid=2068, tid=4736
#  fatal error: Invalid layout of preloaded class
#
# JRE version:  (7.0_40-b43) (build )
# Java VM: Java HotSpot(TM) 64-Bit Server VM (24.0-b56 mixed mode windows-amd64 compressed oops)
# Failed to write core dump. Minidumps are not enabled by default on client versions of Windows
#
# If you would like to submit a bug report, please visit:
#   http://bugreport.sun.com/bugreport/crash.jsp
#

---------------  T H R E A D  ---------------

Current thread (0x00000000002fd800):  JavaThread "Unknown thread" [_thread_in_vm, id=4736, stack(0x0000000002490000,0x0000000002590000)]

Stack: [0x0000000002490000,0x0000000002590000]

---------------  P R O C E S S  ---------------

Java Threads: ( => current thread )

Other Threads:

=>0x00000000002fd800 (exited) JavaThread "Unknown thread" [_thread_in_vm, id=4736, stack(0x0000000002490000,0x0000000002590000)]

VM state:not at safepoint (not fully initialized)

VM Mutex/Monitor currently owned by a thread: None

GC Heap History (0 events):
No events

Deoptimization events (0 events):
No events

Internal exceptions (0 events):
No events

Events (10 events):
Event: 0.025 loading class 0x00000000021808b0 done
Event: 0.025 loading class 0x00000000021802d0 done
Event: 0.025 loading class 0x00000000021802b0
Event: 0.025 loading class 0x00000000021883c0
Event: 0.025 loading class 0x00000000021883c0 done
Event: 0.025 loading class 0x00000000021883f0
Event: 0.026 loading class 0x00000000021883f0 done
Event: 0.026 loading class 0x0000000002188420
Event: 0.026 loading class 0x0000000002188420 done
Event: 0.026 loading class 0x00000000021802b0 done


Dynamic libraries:
0x000000013f1f0000 - 0x000000013f223000 	C:\Program Files\Java\jre7\bin\javaw.exe
0x0000000076d40000 - 0x0000000076ee9000 	C:\Windows\SYSTEM32\ntdll.dll
0x0000000076b20000 - 0x0000000076c3f000 	C:\Windows\system32\kernel32.dll
0x000007fefcf50000 - 0x000007fefcfbb000 	C:\Windows\system32\KERNELBASE.dll
0x000007fefe7a0000 - 0x000007fefe87b000 	C:\Windows\system32\ADVAPI32.dll
0x000007fefe1f0000 - 0x000007fefe28f000 	C:\Windows\system32\msvcrt.dll
0x000007fefe510000 - 0x000007fefe52f000 	C:\Windows\SYSTEM32\sechost.dll
0x000007fefd060000 - 0x000007fefd18d000 	C:\Windows\system32\RPCRT4.dll
0x0000000076c40000 - 0x0000000076d3a000 	C:\Windows\system32\USER32.dll
0x000007fefe4a0000 - 0x000007fefe507000 	C:\Windows\system32\GDI32.dll
0x000007fefe9a0000 - 0x000007fefe9ae000 	C:\Windows\system32\LPK.dll
0x000007fefd260000 - 0x000007fefd329000 	C:\Windows\system32\USP10.dll
0x000007fefb710000 - 0x000007fefb904000 	C:\Windows\WinSxS\amd64_microsoft.windows.common-controls_6595b64144ccf1df_6.0.7601.17514_none_fa396087175ac9ac\COMCTL32.dll
0x000007fefd190000 - 0x000007fefd201000 	C:\Windows\system32\SHLWAPI.dll
0x000007fefeb30000 - 0x000007fefeb5e000 	C:\Windows\system32\IMM32.DLL
0x000007fefe530000 - 0x000007fefe639000 	C:\Windows\system32\MSCTF.dll
0x00000000659d0000 - 0x0000000065aa1000 	C:\Program Files\Java\jre7\bin\msvcr100.dll
0x0000000065200000 - 0x00000000659c9000 	C:\Program Files\Java\jre7\bin\server\jvm.dll
0x000007fef8fd0000 - 0x000007fef8fd9000 	C:\Windows\system32\WSOCK32.dll
0x000007fefd210000 - 0x000007fefd25d000 	C:\Windows\system32\WS2_32.dll
0x000007fefec00000 - 0x000007fefec08000 	C:\Windows\system32\NSI.dll
0x000007fefa760000 - 0x000007fefa79b000 	C:\Windows\system32\WINMM.dll
0x0000000076f10000 - 0x0000000076f17000 	C:\Windows\system32\PSAPI.DLL
0x000000006d6a0000 - 0x000000006d6af000 	C:\Program Files\Java\jre7\bin\verify.dll
0x0000000068d20000 - 0x0000000068d48000 	C:\Program Files\Java\jre7\bin\java.dll
0x0000000068dd0000 - 0x0000000068de5000 	C:\Program Files\Java\jre7\bin\zip.dll

VM Arguments:
jvm_args: -Dfile.encoding=Cp1252 -Xbootclasspath:C:\Users\Romain\Desktop\SDK\adt-bundle-windows-x86_64-20140702\sdk\platforms\android-20\android.jar 
java_command: Test.QuestionsTest
Launcher Type: SUN_STANDARD

Environment Variables:
PATH=C:\Program Files\Common Files\Microsoft Shared\Windows Live;C:\oraclexe\app\oracle\product\10.2.0\server\bin;C:\Windows\system32;C:\Windows;C:\Windows\System32\Wbem;C:\Windows\System32\WindowsPowerShell\v1.0\;C:\Program Files (x86)\ATI Technologies\ATI.ACE\Core-Static;C:\wamp\bin\php\php5.4.16;C:\Program Files\Common Files\Microsoft Shared\Windows Live
USERNAME=Romain
OS=Windows_NT
PROCESSOR_IDENTIFIER=Intel64 Family 6 Model 37 Stepping 5, GenuineIntel



---------------  S Y S T E M  ---------------

OS: Windows 7 , 64 bit Build 7601 Service Pack 1

CPU:total 4 (2 cores per cpu, 2 threads per core) family 6 model 37 stepping 5, cmov, cx8, fxsr, mmx, sse, sse2, sse3, ssse3, sse4.1, sse4.2, popcnt, ht, tsc, tscinvbit

Memory: 4k page, physical 4053856k(1708696k free), swap 8105868k(4271524k free)

vm_info: Java HotSpot(TM) 64-Bit Server VM (24.0-b56) for windows-amd64 JRE (1.7.0_40-b43), built on Aug 26 2013 22:38:32 by "java_re" with unknown MS VC++:1600

time: Tue Nov 18 08:54:05 2014
elapsed time: 0 seconds

